0 info it worked if it ends with ok
1 verbose cli [ '/usr/bin/node',
1 verbose cli   '/usr/bin/npm',
1 verbose cli   'remove',
1 verbose cli   '--save',
1 verbose cli   'react-tools' ]
2 info using npm@1.4.28
3 info using node@v0.10.37
4 verbose node symlink /usr/bin/node
5 verbose node_modules/react-tools unbuild
6 info preuninstall react-tools@0.13.1
7 info uninstall react-tools@0.13.1
8 verbose true,/home/aleksi/koodi/needleman-wunsch-visualization/node_modules,/home/aleksi/koodi/needleman-wunsch-visualization/node_modules unbuild react-tools@0.13.1
9 verbose /home/aleksi/koodi/needleman-wunsch-visualization/node_modules/.bin,[object Object] binRoot
10 error Error: EACCES, unlink '/home/aleksi/koodi/needleman-wunsch-visualization/node_modules/.bin/jsx'
10 error  { [Error: EACCES, unlink '/home/aleksi/koodi/needleman-wunsch-visualization/node_modules/.bin/jsx']
10 error   errno: 3,
10 error   code: 'EACCES',
10 error   path: '/home/aleksi/koodi/needleman-wunsch-visualization/node_modules/.bin/jsx' }
11 error Please try running this command again as root/Administrator.
12 error System Linux 3.13.0-49-generic
13 error command "/usr/bin/node" "/usr/bin/npm" "remove" "--save" "react-tools"
14 error cwd /home/aleksi/koodi/needleman-wunsch-visualization
15 error node -v v0.10.37
16 error npm -v 1.4.28
17 error path /home/aleksi/koodi/needleman-wunsch-visualization/node_modules/.bin/jsx
18 error code EACCES
19 error errno 3
20 error stack Error: EACCES, unlink '/home/aleksi/koodi/needleman-wunsch-visualization/node_modules/.bin/jsx'
21 verbose exit [ 3, true ]
